-------------------------------------------------------------------------------
Test set: net.greet.GreetmethodsFDBTest
-------------------------------------------------------------------------------
Tests run: 1, Failures: 1, Errors: 0, Skipped: 0, Time elapsed: 1.612 s <<< FAILURE! - in net.greet.GreetmethodsFDBTest
addToTable  Time elapsed: 1.612 s  <<< FAILURE!
org.opentest4j.AssertionFailedError: expected: <1> but was: <0>
	at net.greet.GreetmethodsFDBTest.addToTable(GreetmethodsFDBTest.java:19)

