<?xml version="1.0" encoding="UTF-8"?>
<testsuite xmlns:xsi="http://www.w3.org/2001/XMLSchema-instance" xsi:noNamespaceSchemaLocation="https://maven.apache.org/surefire/maven-surefire-plugin/xsd/surefire-test-report.xsd" name="net.greet.GreetTest" time="0.137" tests="4" errors="0" skipped="0" failures="0">
  <properties>
[...]
</properties>
  <testcase name="shouldBeAbleToClearList" classname="net.greet.GreetTest" time="0.111"/>
  <testcase name="shouldReturnHowManyTimesAPersonHasBeenGreeted" classname="net.greet.GreetTest" time="0.001"/>
  <testcase name="shouldReturnCountOfHowManyUniqueNamesHaveBeenGreeted" classname="net.greet.GreetTest" time="0.008"/>
  <testcase name="shouldBeAbleToDeleteAPersonFromTheList" classname="net.greet.GreetTest" time="0.001"/>
</testsuite>